#
# There is insufficient memory for the Java Runtime Environment to continue.
# Native memory allocation (malloc) failed to allocate 1048576 bytes. Error detail: AllocateHeap
# Possible reasons:
#   The system is out of physical RAM or swap space
#   This process is running with CompressedOops enabled, and the Java Heap may be blocking the growth of the native heap
# Possible solutions:
#   Reduce memory load on the system
#   Increase physical memory or swap space
#   Check if swap backing store is full
#   Decrease Java heap size (-Xmx/-Xms)
#   Decrease number of Java threads
#   Decrease Java thread stack sizes (-Xss)
#   Set larger code cache with -XX:ReservedCodeCacheSize=
#   JVM is running with Unscaled Compressed Oops mode in which the Java heap is
#     placed in the first 4GB address space. The Java Heap base address is the
#     maximum limit for the native heap growth. Please use -XX:HeapBaseMinAddress
#     to set the Java Heap base and to place the Java Heap above 4GB virtual address.
# This output file may be truncated or incomplete.
#
#  Out of Memory Error (allocation.cpp:44), pid=20128, tid=16824
#
# JRE version: OpenJDK Runtime Environment Temurin-21.0.8+9 (21.0.8+9) (build 21.0.8+9-LTS)
# Java VM: OpenJDK 64-Bit Server VM Temurin-21.0.8+9 (21.0.8+9-LTS, mixed mode, sharing, tiered, compressed oops, compressed class ptrs, parallel gc, windows-amd64)
# No core dump will be written. Minidumps are not enabled by default on client versions of Windows
#

---------------  S U M M A R Y ------------

Command Line: --add-modules=ALL-SYSTEM --add-opens=java.base/java.util=ALL-UNNAMED --add-opens=java.base/java.lang=ALL-UNNAMED --add-opens=java.base/sun.nio.fs=ALL-UNNAMED -Declipse.application=org.eclipse.jdt.ls.core.id1 -Dosgi.bundles.defaultStartLevel=4 -Declipse.product=org.eclipse.jdt.ls.core.product -Djava.import.generatesMetadataFilesAtProjectRoot=false -DDetectVMInstallationsJob.disabled=true -Dfile.encoding=utf8 -XX:+UseParallelGC -XX:GCTimeRatio=4 -XX:AdaptiveSizePolicyWeight=90 -Dsun.zip.disableMemoryMapping=true -Xmx2G -Xms100m -Xlog:disable -javaagent:c:\Users\sumudu\.vscode\extensions\redhat.java-1.44.0-win32-x64\lombok\lombok-1.18.39-4050.jar -XX:+HeapDumpOnOutOfMemoryError -XX:HeapDumpPath=c:\Users\sumudu\AppData\Roaming\Code\User\workspaceStorage\2f192a58fc5cc57bc2a066f348b9423d\redhat.java -Daether.dependencyCollector.impl=bf c:\Users\sumudu\.vscode\extensions\redhat.java-1.44.0-win32-x64\server\plugins\org.eclipse.equinox.launcher_1.7.0.v20250519-0528.jar -configuration c:\Users\sumudu\AppData\Roaming\Code\User\globalStorage\redhat.java\1.44.0\config_win -data c:\Users\sumudu\AppData\Roaming\Code\User\workspaceStorage\2f192a58fc5cc57bc2a066f348b9423d\redhat.java\jdt_ws --pipe=\\.\pipe\lsp-bff063d3280c026308869d06889fdc93-sock

Host: 12th Gen Intel(R) Core(TM) i3-1215U, 8 cores, 7G,  Windows 11 , 64 bit Build 26100 (10.0.26100.5074)
Time: Sat Sep  6 22:08:26 2025 Sri Lanka Standard Time elapsed time: 26688.869418 seconds (0d 7h 24m 48s)

---------------  T H R E A D  ---------------

Current thread (0x00000212076c8380):  JavaThread "Attach Listener" daemon [_thread_in_vm, id=16824, stack(0x0000008e37500000,0x0000008e37600000) (1024K)]

Stack: [0x0000008e37500000,0x0000008e37600000]
Native frames: (J=compiled Java code, j=interpreted, Vv=VM code, C=native code)
V  [jvm.dll+0x6d2449]
V  [jvm.dll+0x8ae341]
V  [jvm.dll+0x8b08be]
V  [jvm.dll+0x8b0fa3]
V  [jvm.dll+0x280c96]
V  [jvm.dll+0xc0347]
V  [jvm.dll+0x6d2cf9]
V  [jvm.dll+0x131116]
V  [jvm.dll+0x3f2d16]
V  [jvm.dll+0x857e6b]
V  [jvm.dll+0x6d0b0d]
C  [ucrtbase.dll+0x37b0]
C  [KERNEL32.DLL+0x2e8d7]
C  [ntdll.dll+0x8d9c]


---------------  P R O C E S S  ---------------

Threads class SMR info:
_java_thread_list=0x000002126ad06250, length=35, elements={
0x00000212052bbcc0, 0x000002120780c910, 0x000002120780e880, 0x00000212076c74b0,
0x00000212076c8380, 0x00000212076caee0, 0x00000212076cb930, 0x00000212076ce770,
0x0000021260998810, 0x0000021260a65be0, 0x0000021260cbc230, 0x00000212651ff6d0,
0x0000021265828e00, 0x00000212656d3a40, 0x00000212656d4880, 0x0000021265c5e090,
0x00000212609d5950, 0x0000021260c46110, 0x0000021260c45a80, 0x0000021260c47b50,
0x0000021260c481e0, 0x0000021260c48870, 0x000002126922c130, 0x000002126922ad80,
0x000002126922a060, 0x000002126922d4e0, 0x000002126922db70, 0x000002126922c7c0,
0x000002126922ce50, 0x000002126922e200, 0x000002126922baa0, 0x000002126922e890,
0x0000021269231680, 0x000002126922ef20, 0x0000021269230960
}

Java Threads: ( => current thread )
  0x00000212052bbcc0 JavaThread "main"                              [_thread_blocked, id=9372, stack(0x0000008e36e00000,0x0000008e36f00000) (1024K)]
  0x000002120780c910 JavaThread "Reference Handler"          daemon [_thread_blocked, id=11692, stack(0x0000008e37200000,0x0000008e37300000) (1024K)]
  0x000002120780e880 JavaThread "Finalizer"                  daemon [_thread_blocked, id=13364, stack(0x0000008e37300000,0x0000008e37400000) (1024K)]
  0x00000212076c74b0 JavaThread "Signal Dispatcher"          daemon [_thread_blocked, id=2856, stack(0x0000008e37400000,0x0000008e37500000) (1024K)]
=>0x00000212076c8380 JavaThread "Attach Listener"            daemon [_thread_in_vm, id=16824, stack(0x0000008e37500000,0x0000008e37600000) (1024K)]
  0x00000212076caee0 JavaThread "Service Thread"             daemon [_thread_blocked, id=2184, stack(0x0000008e37600000,0x0000008e37700000) (1024K)]
  0x00000212076cb930 JavaThread "Monitor Deflation Thread"   daemon [_thread_blocked, id=9848, stack(0x0000008e37700000,0x0000008e37800000) (1024K)]
  0x00000212076ce770 JavaThread "C2 CompilerThread0"         daemon [_thread_blocked, id=22140, stack(0x0000008e37800000,0x0000008e37900000) (1024K)]
  0x0000021260998810 JavaThread "C1 CompilerThread0"         daemon [_thread_blocked, id=5480, stack(0x0000008e37900000,0x0000008e37a00000) (1024K)]
  0x0000021260a65be0 JavaThread "Common-Cleaner"             daemon [_thread_blocked, id=20168, stack(0x0000008e37a00000,0x0000008e37b00000) (1024K)]
  0x0000021260cbc230 JavaThread "Notification Thread"        daemon [_thread_blocked, id=21444, stack(0x0000008e37c00000,0x0000008e37d00000) (1024K)]
  0x00000212651ff6d0 JavaThread "Active Thread: Equinox Container: 83d9105d-bc6d-40d8-a2fc-06ee9f825bf7"        [_thread_blocked, id=7680, stack(0x0000008e38300000,0x0000008e38400000) (1024K)]
  0x0000021265828e00 JavaThread "Refresh Thread: Equinox Container: 83d9105d-bc6d-40d8-a2fc-06ee9f825bf7" daemon [_thread_blocked, id=21676, stack(0x0000008e37b00000,0x0000008e37c00000) (1024K)]
  0x00000212656d3a40 JavaThread "Framework Event Dispatcher: Equinox Container: 83d9105d-bc6d-40d8-a2fc-06ee9f825bf7" daemon [_thread_blocked, id=3504, stack(0x0000008e38500000,0x0000008e38600000) (1024K)]
  0x00000212656d4880 JavaThread "Start Level: Equinox Container: 83d9105d-bc6d-40d8-a2fc-06ee9f825bf7" daemon [_thread_blocked, id=10156, stack(0x0000008e38600000,0x0000008e38700000) (1024K)]
  0x0000021265c5e090 JavaThread "Bundle File Closer"         daemon [_thread_blocked, id=7124, stack(0x0000008e38700000,0x0000008e38800000) (1024K)]
  0x00000212609d5950 JavaThread "SCR Component Actor"        daemon [_thread_blocked, id=9764, stack(0x0000008e38800000,0x0000008e38900000) (1024K)]
  0x0000021260c46110 JavaThread "Worker-JM"                         [_thread_blocked, id=7580, stack(0x0000008e38b00000,0x0000008e38c00000) (1024K)]
  0x0000021260c45a80 JavaThread "JNA Cleaner"                daemon [_thread_blocked, id=12032, stack(0x0000008e38a00000,0x0000008e38b00000) (1024K)]
  0x0000021260c47b50 JavaThread "Java indexing"              daemon [_thread_blocked, id=21492, stack(0x0000008e38f00000,0x0000008e39000000) (1024K)]
  0x0000021260c481e0 JavaThread "Worker-2"                          [_thread_blocked, id=13792, stack(0x0000008e39300000,0x0000008e39400000) (1024K)]
  0x0000021260c48870 JavaThread "Worker-3"                          [_thread_blocked, id=12384, stack(0x0000008e39400000,0x0000008e39500000) (1024K)]
  0x000002126922c130 JavaThread "Thread-2"                   daemon [_thread_in_native, id=13376, stack(0x0000008e39600000,0x0000008e39700000) (1024K)]
  0x000002126922ad80 JavaThread "Thread-3"                   daemon [_thread_in_native, id=12388, stack(0x0000008e39700000,0x0000008e39800000) (1024K)]
  0x000002126922a060 JavaThread "Thread-4"                   daemon [_thread_in_native, id=21836, stack(0x0000008e39800000,0x0000008e39900000) (1024K)]
  0x000002126922d4e0 JavaThread "Thread-5"                   daemon [_thread_in_native, id=18112, stack(0x0000008e39900000,0x0000008e39a00000) (1024K)]
  0x000002126922db70 JavaThread "Thread-6"                   daemon [_thread_in_native, id=13688, stack(0x0000008e39a00000,0x0000008e39b00000) (1024K)]
  0x000002126922c7c0 JavaThread "Thread-7"                   daemon [_thread_in_native, id=16724, stack(0x0000008e39b00000,0x0000008e39c00000) (1024K)]
  0x000002126922ce50 JavaThread "Thread-8"                   daemon [_thread_in_native, id=10824, stack(0x0000008e39c00000,0x0000008e39d00000) (1024K)]
  0x000002126922e200 JavaThread "Thread-9"                   daemon [_thread_in_native, id=3884, stack(0x0000008e39d00000,0x0000008e39e00000) (1024K)]
  0x000002126922baa0 JavaThread "Thread-10"                  daemon [_thread_in_native, id=19848, stack(0x0000008e39e00000,0x0000008e39f00000) (1024K)]
  0x000002126922e890 JavaThread "pool-2-thread-1"                   [_thread_blocked, id=13180, stack(0x0000008e39f00000,0x0000008e3a000000) (1024K)]
  0x0000021269231680 JavaThread "WorkspaceEventsHandler"            [_thread_blocked, id=14508, stack(0x0000008e3a000000,0x0000008e3a100000) (1024K)]
  0x000002126922ef20 JavaThread "pool-1-thread-1"                   [_thread_blocked, id=10052, stack(0x0000008e3a100000,0x0000008e3a200000) (1024K)]
  0x0000021269230960 JavaThread "Cleaner-0"                  daemon [_thread_blocked, id=10924, stack(0x0000008e39500000,0x0000008e39600000) (1024K)]
Total: 35

Other Threads:
  0x00000212076c2600 VMThread "VM Thread"                           [id=20304, stack(0x0000008e37100000,0x0000008e37200000) (1024K)]
  0x00000212075dca00 WatcherThread "VM Periodic Task Thread"        [id=20676, stack(0x0000008e37000000,0x0000008e37100000) (1024K)]
  0x000002120776be30 WorkerThread "GC Thread#0"                     [id=9532, stack(0x0000008e36f00000,0x0000008e37000000) (1024K)]
  0x00000212652c9f80 WorkerThread "GC Thread#1"                     [id=19996, stack(0x0000008e37d00000,0x0000008e37e00000) (1024K)]
  0x0000021265778e90 WorkerThread "GC Thread#2"                     [id=6248, stack(0x0000008e37e00000,0x0000008e37f00000) (1024K)]
  0x0000021265779230 WorkerThread "GC Thread#3"                     [id=2552, stack(0x0000008e37f00000,0x0000008e38000000) (1024K)]
  0x000002126537a800 WorkerThread "GC Thread#4"                     [id=20580, stack(0x0000008e38000000,0x0000008e38100000) (1024K)]
  0x000002126537afa0 WorkerThread "GC Thread#5"                     [id=11608, stack(0x0000008e38100000,0x0000008e38200000) (1024K)]
  0x00000212654d5ff0 WorkerThread "GC Thread#6"                     [id=1588, stack(0x0000008e38200000,0x0000008e38300000) (1024K)]
  0x00000212654d75b0 WorkerThread "GC Thread#7"                     [id=14152, stack(0x0000008e38400000,0x0000008e38500000) (1024K)]
Total: 10

Threads with active compile tasks:
Total: 0

VM state: not at safepoint (normal execution)

VM Mutex/Monitor currently owned by a thread: None

Heap address: 0x0000000080000000, size: 2048 MB, Compressed Oops mode: 32-bit

CDS archive(s) mapped at: [0x000002121e000000-0x000002121eba0000-0x000002121eba0000), size 12189696, SharedBaseAddress: 0x000002121e000000, ArchiveRelocationMode: 1.
Compressed class space mapped at: 0x000002121f000000-0x000002125f000000, reserved size: 1073741824
Narrow klass base: 0x000002121e000000, Narrow klass shift: 0, Narrow klass range: 0x100000000

GC Precious Log:
 CardTable entry size: 512
 CPUs: 8 total, 8 available
 Memory: 7876M
 Large Page Support: Disabled
 NUMA Support: Disabled
 Compressed Oops: Enabled (32-bit)
 Alignments: Space 512K, Generation 512K, Heap 2M
 Heap Min Capacity: 100M
 Heap Initial Capacity: 100M
 Heap Max Capacity: 2G
 Pre-touch: Disabled
 Parallel Workers: 8

Heap:
 PSYoungGen      total 14848K, used 10522K [0x00000000d5580000, 0x00000000d6500000, 0x0000000100000000)
  eden space 13824K, 71% used [0x00000000d5580000,0x00000000d5f2d950,0x00000000d6300000)
  from space 1024K, 59% used [0x00000000d6380000,0x00000000d6419230,0x00000000d6480000)
  to   space 512K, 0% used [0x00000000d6480000,0x00000000d6480000,0x00000000d6500000)
 ParOldGen       total 165888K, used 165656K [0x0000000080000000, 0x000000008a200000, 0x00000000d5580000)
  object space 165888K, 99% used [0x0000000080000000,0x000000008a1c61d8,0x000000008a200000)
 Metaspace       used 75105K, committed 76672K, reserved 1179648K
  class space    used 7852K, committed 8512K, reserved 1048576K

Card table byte_map: [0x00000212070f0000,0x0000021207500000] _byte_map_base: 0x0000021206cf0000

Marking Bits: (ParMarkBitMap*) 0x00007fff178aa340
 Begin Bits: [0x0000021219bf0000, 0x000002121bbf0000)
 End Bits:   [0x000002121bbf0000, 0x000002121dbf0000)

Polling page: 0x0000021205570000

Metaspace:

Usage:
  Non-class:     65.68 MB used.
      Class:      7.67 MB used.
       Both:     73.35 MB used.

Virtual space:
  Non-class space:      128.00 MB reserved,      66.56 MB ( 52%) committed,  2 nodes.
      Class space:        1.00 GB reserved,       8.31 MB ( <1%) committed,  1 nodes.
             Both:        1.12 GB reserved,      74.88 MB (  6%) committed. 

Chunk freelists:
   Non-Class:  13.41 MB
       Class:  7.66 MB
        Both:  21.06 MB

MaxMetaspaceSize: unlimited
CompressedClassSpaceSize: 1.00 GB
Initial GC threshold: 21.00 MB
Current GC threshold: 97.31 MB
CDS: on
 - commit_granule_bytes: 65536.
 - commit_granule_words: 8192.
 - virtual_space_node_default_size: 8388608.
 - enlarge_chunks_in_place: 1.
 - use_allocation_guard: 0.


Internal statistics:

num_allocs_failed_limit: 9.
num_arena_births: 1282.
num_arena_deaths: 22.
num_vsnodes_births: 3.
num_vsnodes_deaths: 0.
num_space_committed: 1198.
num_space_uncommitted: 0.
num_chunks_returned_to_freelist: 35.
num_chunks_taken_from_freelist: 4681.
num_chunk_merges: 12.
num_chunk_splits: 2857.
num_chunks_enlarged: 1647.
num_inconsistent_stats: 0.

CodeHeap 'non-profiled nmethods': size=120000Kb used=11236Kb max_used=11236Kb free=108763Kb
 bounds [0x0000021212410000, 0x0000021212f10000, 0x0000021219940000]
CodeHeap 'profiled nmethods': size=120000Kb used=31364Kb max_used=31364Kb free=88635Kb
 bounds [0x000002120a940000, 0x000002120c7f0000, 0x0000021211e70000]
CodeHeap 'non-nmethods': size=5760Kb used=1488Kb max_used=1575Kb free=4271Kb
 bounds [0x0000021211e70000, 0x00000212120e0000, 0x0000021212410000]
CodeCache: size=245760Kb, used=44088Kb, max_used=44175Kb, free=201669Kb
 total_blobs=14017, nmethods=13206, adapters=711, full_count=0
Compilation: enabled, stopped_count=0, restarted_count=0

Compilation events (20 events):
Event: 7482.902 Thread 0x0000021260998810 13995       3       java.lang.ClassLoader::getPlatformClassLoader (21 bytes)
Event: 7482.920 Thread 0x0000021260998810 nmethod 13995 0x000002120c7daa10 code [0x000002120c7dabe0, 0x000002120c7dae70]
Event: 7504.398 Thread 0x0000021260998810 13996       3       org.eclipse.osgi.storage.Storage::isReadOnly (10 bytes)
Event: 7504.403 Thread 0x0000021260998810 nmethod 13996 0x000002120c7daf90 code [0x000002120c7db140, 0x000002120c7db2c0]
Event: 7684.447 Thread 0x0000021260998810 13997   !   3       org.eclipse.osgi.internal.framework.StorageSaver$StorageSaverTask::run (31 bytes)
Event: 7684.512 Thread 0x0000021260998810 nmethod 13997 0x000002120c7db390 code [0x000002120c7db560, 0x000002120c7db800]
Event: 23283.266 Thread 0x00000212076ce770 13999       4       java.util.concurrent.ThreadPoolExecutor::beforeExecute (1 bytes)
Event: 23283.273 Thread 0x00000212076ce770 nmethod 13999 0x0000021212f08390 code [0x0000021212f08520, 0x0000021212f085a8]
Event: 23349.569 Thread 0x00000212076ce770 14000       4       java.util.concurrent.ThreadPoolExecutor::afterExecute (1 bytes)
Event: 23349.572 Thread 0x00000212076ce770 nmethod 14000 0x0000021212f08690 code [0x0000021212f08820, 0x0000021212f088a8]
Event: 23984.186 Thread 0x0000021260998810 14001       1       org.eclipse.core.internal.jobs.InternalJob::setThread (6 bytes)
Event: 23984.197 Thread 0x0000021260998810 nmethod 14001 0x0000021212f08990 code [0x0000021212f08b20, 0x0000021212f08c08]
Event: 24126.640 Thread 0x00000212076ce770 14002       4       jdk.internal.misc.InnocuousThread::eraseThreadLocals (23 bytes)
Event: 24126.654 Thread 0x00000212076ce770 nmethod 14002 0x0000021212f08c90 code [0x0000021212f08e20, 0x0000021212f08eb0]
Event: 25278.510 Thread 0x0000021260998810 14003       3       java.util.logging.Logger::demandLogger (36 bytes)
Event: 25278.580 Thread 0x0000021260998810 nmethod 14003 0x000002120c7db990 code [0x000002120c7dbc20, 0x000002120c7dc6d0]
Event: 25784.597 Thread 0x0000021260998810 14007       1       org.eclipse.core.internal.jobs.InternalJob::setProgressMonitor (6 bytes)
Event: 25784.647 Thread 0x0000021260998810 nmethod 14007 0x0000021212f08f90 code [0x0000021212f09120, 0x0000021212f09208]
Event: 26020.489 Thread 0x0000021260998810 14009   !   3       org.eclipse.osgi.storage.Storage::save0 (246 bytes)
Event: 26020.938 Thread 0x0000021260998810 nmethod 14009 0x000002120c7dcb10 code [0x000002120c7dd020, 0x000002120c7dfc08]

GC Heap History (20 events):
Event: 861.823 GC heap before
{Heap before GC invocations=103 (full 3):
 PSYoungGen      total 16384K, used 16026K [0x00000000d5580000, 0x00000000d6700000, 0x0000000100000000)
  eden space 14848K, 100% used [0x00000000d5580000,0x00000000d6400000,0x00000000d6400000)
  from space 1536K, 76% used [0x00000000d6400000,0x00000000d6526920,0x00000000d6580000)
  to   space 1536K, 0% used [0x00000000d6580000,0x00000000d6580000,0x00000000d6700000)
 ParOldGen       total 162304K, used 162293K [0x0000000080000000, 0x0000000089e80000, 0x00000000d5580000)
  object space 162304K, 99% used [0x0000000080000000,0x0000000089e7d538,0x0000000089e80000)
 Metaspace       used 72710K, committed 74240K, reserved 1179648K
  class space    used 7659K, committed 8320K, reserved 1048576K
}
Event: 861.825 GC heap after
{Heap after GC invocations=103 (full 3):
 PSYoungGen      total 15360K, used 314K [0x00000000d5580000, 0x00000000d6600000, 0x0000000100000000)
  eden space 14848K, 0% used [0x00000000d5580000,0x00000000d5580000,0x00000000d6400000)
  from space 512K, 61% used [0x00000000d6580000,0x00000000d65ce900,0x00000000d6600000)
  to   space 1024K, 0% used [0x00000000d6400000,0x00000000d6400000,0x00000000d6500000)
 ParOldGen       total 162816K, used 162465K [0x0000000080000000, 0x0000000089f00000, 0x00000000d5580000)
  object space 162816K, 99% used [0x0000000080000000,0x0000000089ea8678,0x0000000089f00000)
 Metaspace       used 72710K, committed 74240K, reserved 1179648K
  class space    used 7659K, committed 8320K, reserved 1048576K
}
Event: 862.661 GC heap before
{Heap before GC invocations=104 (full 3):
 PSYoungGen      total 15360K, used 15162K [0x00000000d5580000, 0x00000000d6600000, 0x0000000100000000)
  eden space 14848K, 100% used [0x00000000d5580000,0x00000000d6400000,0x00000000d6400000)
  from space 512K, 61% used [0x00000000d6580000,0x00000000d65ce900,0x00000000d6600000)
  to   space 1024K, 0% used [0x00000000d6400000,0x00000000d6400000,0x00000000d6500000)
 ParOldGen       total 162816K, used 162465K [0x0000000080000000, 0x0000000089f00000, 0x00000000d5580000)
  object space 162816K, 99% used [0x0000000080000000,0x0000000089ea8678,0x0000000089f00000)
 Metaspace       used 73013K, committed 74496K, reserved 1179648K
  class space    used 7686K, committed 8320K, reserved 1048576K
}
Event: 862.662 GC heap after
{Heap after GC invocations=104 (full 3):
 PSYoungGen      total 15872K, used 282K [0x00000000d5580000, 0x00000000d6600000, 0x0000000100000000)
  eden space 14848K, 0% used [0x00000000d5580000,0x00000000d5580000,0x00000000d6400000)
  from space 1024K, 27% used [0x00000000d6400000,0x00000000d6446900,0x00000000d6500000)
  to   space 512K, 0% used [0x00000000d6580000,0x00000000d6580000,0x00000000d6600000)
 ParOldGen       total 162816K, used 162521K [0x0000000080000000, 0x0000000089f00000, 0x00000000d5580000)
  object space 162816K, 99% used [0x0000000080000000,0x0000000089eb6678,0x0000000089f00000)
 Metaspace       used 73013K, committed 74496K, reserved 1179648K
  class space    used 7686K, committed 8320K, reserved 1048576K
}
Event: 873.513 GC heap before
{Heap before GC invocations=105 (full 3):
 PSYoungGen      total 15872K, used 15130K [0x00000000d5580000, 0x00000000d6600000, 0x0000000100000000)
  eden space 14848K, 100% used [0x00000000d5580000,0x00000000d6400000,0x00000000d6400000)
  from space 1024K, 27% used [0x00000000d6400000,0x00000000d6446900,0x00000000d6500000)
  to   space 512K, 0% used [0x00000000d6580000,0x00000000d6580000,0x00000000d6600000)
 ParOldGen       total 162816K, used 162521K [0x0000000080000000, 0x0000000089f00000, 0x00000000d5580000)
  object space 162816K, 99% used [0x0000000080000000,0x0000000089eb6678,0x0000000089f00000)
 Metaspace       used 73125K, committed 74624K, reserved 1179648K
  class space    used 7688K, committed 8384K, reserved 1048576K
}
Event: 873.515 GC heap after
{Heap after GC invocations=105 (full 3):
 PSYoungGen      total 15360K, used 500K [0x00000000d5580000, 0x00000000d6700000, 0x0000000100000000)
  eden space 14848K, 0% used [0x00000000d5580000,0x00000000d5580000,0x00000000d6400000)
  from space 512K, 97% used [0x00000000d6580000,0x00000000d65fd200,0x00000000d6600000)
  to   space 1536K, 0% used [0x00000000d6400000,0x00000000d6400000,0x00000000d6580000)
 ParOldGen       total 163328K, used 162937K [0x0000000080000000, 0x0000000089f80000, 0x00000000d5580000)
  object space 163328K, 99% used [0x0000000080000000,0x0000000089f1e678,0x0000000089f80000)
 Metaspace       used 73125K, committed 74624K, reserved 1179648K
  class space    used 7688K, committed 8384K, reserved 1048576K
}
Event: 874.062 GC heap before
{Heap before GC invocations=106 (full 3):
 PSYoungGen      total 15360K, used 15348K [0x00000000d5580000, 0x00000000d6700000, 0x0000000100000000)
  eden space 14848K, 100% used [0x00000000d5580000,0x00000000d6400000,0x00000000d6400000)
  from space 512K, 97% used [0x00000000d6580000,0x00000000d65fd200,0x00000000d6600000)
  to   space 1536K, 0% used [0x00000000d6400000,0x00000000d6400000,0x00000000d6580000)
 ParOldGen       total 163328K, used 162937K [0x0000000080000000, 0x0000000089f80000, 0x00000000d5580000)
  object space 163328K, 99% used [0x0000000080000000,0x0000000089f1e678,0x0000000089f80000)
 Metaspace       used 73249K, committed 74752K, reserved 1179648K
  class space    used 7688K, committed 8384K, reserved 1048576K
}
Event: 874.063 GC heap after
{Heap after GC invocations=106 (full 3):
 PSYoungGen      total 15872K, used 596K [0x00000000d5580000, 0x00000000d6600000, 0x0000000100000000)
  eden space 14848K, 0% used [0x00000000d5580000,0x00000000d5580000,0x00000000d6400000)
  from space 1024K, 58% used [0x00000000d6400000,0x00000000d6495200,0x00000000d6500000)
  to   space 1024K, 0% used [0x00000000d6500000,0x00000000d6500000,0x00000000d6600000)
 ParOldGen       total 163840K, used 163444K [0x0000000080000000, 0x000000008a000000, 0x00000000d5580000)
  object space 163840K, 99% used [0x0000000080000000,0x0000000089f9d208,0x000000008a000000)
 Metaspace       used 73249K, committed 74752K, reserved 1179648K
  class space    used 7688K, committed 8384K, reserved 1048576K
}
Event: 874.355 GC heap before
{Heap before GC invocations=107 (full 3):
 PSYoungGen      total 15872K, used 15444K [0x00000000d5580000, 0x00000000d6600000, 0x0000000100000000)
  eden space 14848K, 100% used [0x00000000d5580000,0x00000000d6400000,0x00000000d6400000)
  from space 1024K, 58% used [0x00000000d6400000,0x00000000d6495200,0x00000000d6500000)
  to   space 1024K, 0% used [0x00000000d6500000,0x00000000d6500000,0x00000000d6600000)
 ParOldGen       total 163840K, used 163444K [0x0000000080000000, 0x000000008a000000, 0x00000000d5580000)
  object space 163840K, 99% used [0x0000000080000000,0x0000000089f9d208,0x000000008a000000)
 Metaspace       used 73917K, committed 75392K, reserved 1179648K
  class space    used 7784K, committed 8448K, reserved 1048576K
}
Event: 874.358 GC heap after
{Heap after GC invocations=107 (full 3):
 PSYoungGen      total 15360K, used 996K [0x00000000d5580000, 0x00000000d6700000, 0x0000000100000000)
  eden space 14336K, 0% used [0x00000000d5580000,0x00000000d5580000,0x00000000d6380000)
  from space 1024K, 97% used [0x00000000d6500000,0x00000000d65f9210,0x00000000d6600000)
  to   space 1536K, 0% used [0x00000000d6380000,0x00000000d6380000,0x00000000d6500000)
 ParOldGen       total 163840K, used 163552K [0x0000000080000000, 0x000000008a000000, 0x00000000d5580000)
  object space 163840K, 99% used [0x0000000080000000,0x0000000089fb8230,0x000000008a000000)
 Metaspace       used 73917K, committed 75392K, reserved 1179648K
  class space    used 7784K, committed 8448K, reserved 1048576K
}
Event: 886.493 GC heap before
{Heap before GC invocations=108 (full 3):
 PSYoungGen      total 15360K, used 15332K [0x00000000d5580000, 0x00000000d6700000, 0x0000000100000000)
  eden space 14336K, 100% used [0x00000000d5580000,0x00000000d6380000,0x00000000d6380000)
  from space 1024K, 97% used [0x00000000d6500000,0x00000000d65f9210,0x00000000d6600000)
  to   space 1536K, 0% used [0x00000000d6380000,0x00000000d6380000,0x00000000d6500000)
 ParOldGen       total 163840K, used 163552K [0x0000000080000000, 0x000000008a000000, 0x00000000d5580000)
  object space 163840K, 99% used [0x0000000080000000,0x0000000089fb8230,0x000000008a000000)
 Metaspace       used 74115K, committed 75584K, reserved 1179648K
  class space    used 7789K, committed 8448K, reserved 1048576K
}
Event: 886.497 GC heap after
{Heap after GC invocations=108 (full 3):
 PSYoungGen      total 15872K, used 192K [0x00000000d5580000, 0x00000000d6580000, 0x0000000100000000)
  eden space 14336K, 0% used [0x00000000d5580000,0x00000000d5580000,0x00000000d6380000)
  from space 1536K, 12% used [0x00000000d6380000,0x00000000d63b0000,0x00000000d6500000)
  to   space 512K, 0% used [0x00000000d6500000,0x00000000d6500000,0x00000000d6580000)
 ParOldGen       total 163840K, used 163726K [0x0000000080000000, 0x000000008a000000, 0x00000000d5580000)
  object space 163840K, 99% used [0x0000000080000000,0x0000000089fe3b38,0x000000008a000000)
 Metaspace       used 74115K, committed 75584K, reserved 1179648K
  class space    used 7789K, committed 8448K, reserved 1048576K
}
Event: 887.888 GC heap before
{Heap before GC invocations=109 (full 3):
 PSYoungGen      total 15872K, used 14528K [0x00000000d5580000, 0x00000000d6580000, 0x0000000100000000)
  eden space 14336K, 100% used [0x00000000d5580000,0x00000000d6380000,0x00000000d6380000)
  from space 1536K, 12% used [0x00000000d6380000,0x00000000d63b0000,0x00000000d6500000)
  to   space 512K, 0% used [0x00000000d6500000,0x00000000d6500000,0x00000000d6580000)
 ParOldGen       total 163840K, used 163726K [0x0000000080000000, 0x000000008a000000, 0x00000000d5580000)
  object space 163840K, 99% used [0x0000000080000000,0x0000000089fe3b38,0x000000008a000000)
 Metaspace       used 74273K, committed 75776K, reserved 1179648K
  class space    used 7793K, committed 8448K, reserved 1048576K
}
Event: 887.891 GC heap after
{Heap after GC invocations=109 (full 3):
 PSYoungGen      total 14336K, used 500K [0x00000000d5580000, 0x00000000d6780000, 0x0000000100000000)
  eden space 13824K, 0% used [0x00000000d5580000,0x00000000d5580000,0x00000000d6300000)
  from space 512K, 97% used [0x00000000d6500000,0x00000000d657d220,0x00000000d6580000)
  to   space 2048K, 0% used [0x00000000d6300000,0x00000000d6300000,0x00000000d6500000)
 ParOldGen       total 164864K, used 164781K [0x0000000080000000, 0x000000008a100000, 0x00000000d5580000)
  object space 164864K, 99% used [0x0000000080000000,0x000000008a0eb4e8,0x000000008a100000)
 Metaspace       used 74273K, committed 75776K, reserved 1179648K
  class space    used 7793K, committed 8448K, reserved 1048576K
}
Event: 888.449 GC heap before
{Heap before GC invocations=110 (full 3):
 PSYoungGen      total 14336K, used 14324K [0x00000000d5580000, 0x00000000d6780000, 0x0000000100000000)
  eden space 13824K, 100% used [0x00000000d5580000,0x00000000d6300000,0x00000000d6300000)
  from space 512K, 97% used [0x00000000d6500000,0x00000000d657d220,0x00000000d6580000)
  to   space 2048K, 0% used [0x00000000d6300000,0x00000000d6300000,0x00000000d6500000)
 ParOldGen       total 164864K, used 164781K [0x0000000080000000, 0x000000008a100000, 0x00000000d5580000)
  object space 164864K, 99% used [0x0000000080000000,0x000000008a0eb4e8,0x000000008a100000)
 Metaspace       used 74395K, committed 75904K, reserved 1179648K
  class space    used 7793K, committed 8448K, reserved 1048576K
}
Event: 888.452 GC heap after
{Heap after GC invocations=110 (full 3):
 PSYoungGen      total 15360K, used 1044K [0x00000000d5580000, 0x00000000d6600000, 0x0000000100000000)
  eden space 13824K, 0% used [0x00000000d5580000,0x00000000d5580000,0x00000000d6300000)
  from space 1536K, 68% used [0x00000000d6300000,0x00000000d6405200,0x00000000d6480000)
  to   space 1536K, 0% used [0x00000000d6480000,0x00000000d6480000,0x00000000d6600000)
 ParOldGen       total 165376K, used 165310K [0x0000000080000000, 0x000000008a180000, 0x00000000d5580000)
  object space 165376K, 99% used [0x0000000080000000,0x000000008a16f8b0,0x000000008a180000)
 Metaspace       used 74395K, committed 75904K, reserved 1179648K
  class space    used 7793K, committed 8448K, reserved 1048576K
}
Event: 889.265 GC heap before
{Heap before GC invocations=111 (full 3):
 PSYoungGen      total 15360K, used 14868K [0x00000000d5580000, 0x00000000d6600000, 0x0000000100000000)
  eden space 13824K, 100% used [0x00000000d5580000,0x00000000d6300000,0x00000000d6300000)
  from space 1536K, 68% used [0x00000000d6300000,0x00000000d6405200,0x00000000d6480000)
  to   space 1536K, 0% used [0x00000000d6480000,0x00000000d6480000,0x00000000d6600000)
 ParOldGen       total 165376K, used 165310K [0x0000000080000000, 0x000000008a180000, 0x00000000d5580000)
  object space 165376K, 99% used [0x0000000080000000,0x000000008a16f8b0,0x000000008a180000)
 Metaspace       used 74456K, committed 75968K, reserved 1179648K
  class space    used 7793K, committed 8448K, reserved 1048576K
}
Event: 889.268 GC heap after
{Heap after GC invocations=111 (full 3):
 PSYoungGen      total 14848K, used 676K [0x00000000d5580000, 0x00000000d6580000, 0x0000000100000000)
  eden space 13824K, 0% used [0x00000000d5580000,0x00000000d5580000,0x00000000d6300000)
  from space 1024K, 66% used [0x00000000d6480000,0x00000000d6529210,0x00000000d6580000)
  to   space 1024K, 0% used [0x00000000d6380000,0x00000000d6380000,0x00000000d6480000)
 ParOldGen       total 165888K, used 165624K [0x0000000080000000, 0x000000008a200000, 0x00000000d5580000)
  object space 165888K, 99% used [0x0000000080000000,0x000000008a1be1d8,0x000000008a200000)
 Metaspace       used 74456K, committed 75968K, reserved 1179648K
  class space    used 7793K, committed 8448K, reserved 1048576K
}
Event: 1290.670 GC heap before
{Heap before GC invocations=112 (full 3):
 PSYoungGen      total 14848K, used 14500K [0x00000000d5580000, 0x00000000d6580000, 0x0000000100000000)
  eden space 13824K, 100% used [0x00000000d5580000,0x00000000d6300000,0x00000000d6300000)
  from space 1024K, 66% used [0x00000000d6480000,0x00000000d6529210,0x00000000d6580000)
  to   space 1024K, 0% used [0x00000000d6380000,0x00000000d6380000,0x00000000d6480000)
 ParOldGen       total 165888K, used 165624K [0x0000000080000000, 0x000000008a200000, 0x00000000d5580000)
  object space 165888K, 99% used [0x0000000080000000,0x000000008a1be1d8,0x000000008a200000)
 Metaspace       used 74557K, committed 76032K, reserved 1179648K
  class space    used 7802K, committed 8448K, reserved 1048576K
}
Event: 1290.671 GC heap after
{Heap after GC invocations=112 (full 3):
 PSYoungGen      total 14848K, used 612K [0x00000000d5580000, 0x00000000d6500000, 0x0000000100000000)
  eden space 13824K, 0% used [0x00000000d5580000,0x00000000d5580000,0x00000000d6300000)
  from space 1024K, 59% used [0x00000000d6380000,0x00000000d6419230,0x00000000d6480000)
  to   space 512K, 0% used [0x00000000d6480000,0x00000000d6480000,0x00000000d6500000)
 ParOldGen       total 165888K, used 165656K [0x0000000080000000, 0x000000008a200000, 0x00000000d5580000)
  object space 165888K, 99% used [0x0000000080000000,0x000000008a1c61d8,0x000000008a200000)
 Metaspace       used 74557K, committed 76032K, reserved 1179648K
  class space    used 7802K, committed 8448K, reserved 1048576K
}

Dll operation events (12 events):
Event: 0.022 Loaded shared library c:\Users\sumudu\.vscode\extensions\redhat.java-1.44.0-win32-x64\jre\21.0.8-win32-x86_64\bin\java.dll
Event: 0.132 Loaded shared library c:\Users\sumudu\.vscode\extensions\redhat.java-1.44.0-win32-x64\jre\21.0.8-win32-x86_64\bin\zip.dll
Event: 0.158 Loaded shared library C:\Users\sumudu\.vscode\extensions\redhat.java-1.44.0-win32-x64\jre\21.0.8-win32-x86_64\bin\instrument.dll
Event: 0.164 Loaded shared library C:\Users\sumudu\.vscode\extensions\redhat.java-1.44.0-win32-x64\jre\21.0.8-win32-x86_64\bin\net.dll
Event: 0.167 Loaded shared library C:\Users\sumudu\.vscode\extensions\redhat.java-1.44.0-win32-x64\jre\21.0.8-win32-x86_64\bin\nio.dll
Event: 0.172 Loaded shared library C:\Users\sumudu\.vscode\extensions\redhat.java-1.44.0-win32-x64\jre\21.0.8-win32-x86_64\bin\zip.dll
Event: 0.194 Loaded shared library C:\Users\sumudu\.vscode\extensions\redhat.java-1.44.0-win32-x64\jre\21.0.8-win32-x86_64\bin\jimage.dll
Event: 0.297 Loaded shared library c:\Users\sumudu\.vscode\extensions\redhat.java-1.44.0-win32-x64\jre\21.0.8-win32-x86_64\bin\verify.dll
Event: 3.220 Loaded shared library C:\Users\sumudu\AppData\Roaming\Code\User\globalStorage\redhat.java\1.44.0\config_win\org.eclipse.equinox.launcher\org.eclipse.equinox.launcher.win32.win32.x86_64_1.2.1400.v20250730-1736\eclipse_11913.dll
Event: 8.299 Loaded shared library C:\Users\sumudu\AppData\Local\Temp\jna--891200101\jna18370134169358555437.dll
Event: 10.848 Loaded shared library C:\Users\sumudu\.vscode\extensions\redhat.java-1.44.0-win32-x64\jre\21.0.8-win32-x86_64\bin\sunmscapi.dll
Event: 11.617 Loaded shared library C:\Users\sumudu\.vscode\extensions\redhat.java-1.44.0-win32-x64\jre\21.0.8-win32-x86_64\bin\extnet.dll

Deoptimization events (20 events):
Event: 889.608 Thread 0x00000212687bde90 Uncommon trap: trap_request=0xffffff45 fr.pc=0x00000212127e20e4 relative=0x0000000000000144
Event: 889.608 Thread 0x00000212687bde90 Uncommon trap: reason=unstable_if action=reinterpret pc=0x00000212127e20e4 method=java.util.stream.StreamOpFlag.getMask(I)I @ 1 c2
Event: 889.608 Thread 0x00000212687bde90 DEOPT PACKING pc=0x00000212127e20e4 sp=0x0000008e391feb60
Event: 889.608 Thread 0x00000212687bde90 DEOPT UNPACKING pc=0x0000021211ec3aa2 sp=0x0000008e391fea20 mode 2
Event: 889.612 Thread 0x00000212687bde90 Uncommon trap: trap_request=0xffffff3d fr.pc=0x0000021212e0a36c relative=0x0000000000001c4c
Event: 889.612 Thread 0x00000212687bde90 Uncommon trap: reason=unstable_fused_if action=reinterpret pc=0x0000021212e0a36c method=org.eclipse.jdt.internal.core.util.MementoTokenizer.nextToken()Ljava/lang/String; @ 23 c2
Event: 889.612 Thread 0x00000212687bde90 DEOPT PACKING pc=0x0000021212e0a36c sp=0x0000008e391fe8f0
Event: 889.612 Thread 0x00000212687bde90 DEOPT UNPACKING pc=0x0000021211ec3aa2 sp=0x0000008e391fe918 mode 2
Event: 1607.359 Thread 0x0000021260c474c0 Uncommon trap: trap_request=0xffffff45 fr.pc=0x0000021212df8ea0 relative=0x0000000000000ce0
Event: 1607.359 Thread 0x0000021260c474c0 Uncommon trap: reason=unstable_if action=reinterpret pc=0x0000021212df8ea0 method=java.util.regex.Pattern.newSlice([IIZ)Ljava/util/regex/Pattern$Node; @ 19 c2
Event: 1607.359 Thread 0x0000021260c474c0 DEOPT PACKING pc=0x0000021212df8ea0 sp=0x0000008e36bfda70
Event: 1607.359 Thread 0x0000021260c474c0 DEOPT UNPACKING pc=0x0000021211ec3aa2 sp=0x0000008e36bfd970 mode 2
Event: 1607.360 Thread 0x0000021260c474c0 Uncommon trap: trap_request=0xffffff45 fr.pc=0x00000212127a67a0 relative=0x0000000000000620
Event: 1607.360 Thread 0x0000021260c474c0 Uncommon trap: reason=unstable_if action=reinterpret pc=0x00000212127a67a0 method=java.util.regex.Pattern.newSlice([IIZ)Ljava/util/regex/Pattern$Node; @ 19 c2
Event: 1607.360 Thread 0x0000021260c474c0 DEOPT PACKING pc=0x00000212127a67a0 sp=0x0000008e36bfd670
Event: 1607.360 Thread 0x0000021260c474c0 DEOPT UNPACKING pc=0x0000021211ec3aa2 sp=0x0000008e36bfd620 mode 2
Event: 1607.362 Thread 0x0000021260c474c0 Uncommon trap: trap_request=0xffffff45 fr.pc=0x000002121279d8b4 relative=0x0000000000000114
Event: 1607.362 Thread 0x0000021260c474c0 Uncommon trap: reason=unstable_if action=reinterpret pc=0x000002121279d8b4 method=java.util.regex.Pattern.RemoveQEQuoting()V @ 41 c2
Event: 1607.362 Thread 0x0000021260c474c0 DEOPT PACKING pc=0x000002121279d8b4 sp=0x0000008e36bfddc0
Event: 1607.362 Thread 0x0000021260c474c0 DEOPT UNPACKING pc=0x0000021211ec3aa2 sp=0x0000008e36bfdd10 mode 2

Classes loaded (20 events):
Event: 850.770 Loading class java/util/WeakHashMap$KeyIterator
Event: 850.771 Loading class java/util/WeakHashMap$KeyIterator done
Event: 850.888 Loading class jdk/internal/event/SecurityPropertyModificationEvent
Event: 850.890 Loading class jdk/internal/event/SecurityPropertyModificationEvent done
Event: 850.961 Loading class java/util/zip/CheckedInputStream
Event: 850.962 Loading class java/util/zip/CheckedInputStream done
Event: 851.102 Loading class java/util/zip/GZIPInputStream$1
Event: 851.102 Loading class java/util/zip/GZIPInputStream$1 done
Event: 851.345 Loading class java/lang/UnsupportedClassVersionError
Event: 851.346 Loading class java/lang/UnsupportedClassVersionError done
Event: 852.369 Loading class java/util/stream/ReduceOps$4
Event: 852.371 Loading class java/util/stream/ReduceOps$4 done
Event: 852.371 Loading class java/util/stream/ReduceOps$4ReducingSink
Event: 852.371 Loading class java/util/stream/ReduceOps$4ReducingSink done
Event: 854.274 Loading class jdk/internal/ref/CleanerImpl$InnocuousThreadFactory
Event: 854.277 Loading class jdk/internal/ref/CleanerImpl$InnocuousThreadFactory done
Event: 889.603 Loading class java/util/stream/ReferencePipeline$15
Event: 889.604 Loading class java/util/stream/ReferencePipeline$15 done
Event: 889.609 Loading class java/util/stream/ReferencePipeline$15$1
Event: 889.609 Loading class java/util/stream/ReferencePipeline$15$1 done

Classes unloaded (11 events):
Event: 9.275 Thread 0x00000212076c2600 Unloading class 0x000002121f1a7000 'java/lang/invoke/LambdaForm$MH+0x000002121f1a7000'
Event: 9.275 Thread 0x00000212076c2600 Unloading class 0x000002121f1a6c00 'java/lang/invoke/LambdaForm$MH+0x000002121f1a6c00'
Event: 9.275 Thread 0x00000212076c2600 Unloading class 0x000002121f1a6800 'java/lang/invoke/LambdaForm$MH+0x000002121f1a6800'
Event: 9.275 Thread 0x00000212076c2600 Unloading class 0x000002121f1a6400 'java/lang/invoke/LambdaForm$MH+0x000002121f1a6400'
Event: 9.275 Thread 0x00000212076c2600 Unloading class 0x000002121f1a6000 'java/lang/invoke/LambdaForm$BMH+0x000002121f1a6000'
Event: 9.275 Thread 0x00000212076c2600 Unloading class 0x000002121f1a5c00 'java/lang/invoke/LambdaForm$DMH+0x000002121f1a5c00'
Event: 9.275 Thread 0x00000212076c2600 Unloading class 0x000002121f1a4800 'java/lang/invoke/LambdaForm$DMH+0x000002121f1a4800'
Event: 28.463 Thread 0x00000212076c2600 Unloading class 0x000002121f670000 'java/lang/invoke/LambdaForm$DMH+0x000002121f670000'
Event: 28.463 Thread 0x00000212076c2600 Unloading class 0x000002121f669c00 'java/lang/invoke/LambdaForm$DMH+0x000002121f669c00'
Event: 28.463 Thread 0x00000212076c2600 Unloading class 0x000002121f669800 'java/lang/invoke/LambdaForm$DMH+0x000002121f669800'
Event: 28.463 Thread 0x00000212076c2600 Unloading class 0x000002121f670400 'java/lang/invoke/LambdaForm$DMH+0x000002121f670400'

Classes redefined (0 events):
No events

Internal exceptions (20 events):
Event: 852.757 Thread 0x00000212687b8fd0 Exception <a 'java/lang/LinkageError'{0x00000000d5ff9090}: loader lombok.launch.ShadowClassLoader @733b6d10 attempted duplicate class definition for lombok.launch.PatchFixesHider$Val. (lombok.launch.PatchFixesHider$Val is in unnamed module of loader lombok.launch.ShadowClassLoader @733b6d10, parent loader org.eclipse.osgi.internal.loader.EquinoxClassLoader @af91564)> (0x00000000d5ff9090) 
thrown [s\src\hotspot\share\classfile\systemDictionary.cpp, line 1682]
Event: 852.809 Thread 0x0000021260c481e0 Exception <a 'java/lang/NoSuchMethodError'{0x00000000d62e23e8}: 'java.lang.Object java.lang.invoke.DirectMethodHandle$Holder.newInvokeSpecial(java.lang.Object, java.lang.Object, java.lang.Object, java.lang.Object, int)'> (0x00000000d62e23e8) 
thrown [s\src\hotspot\share\interpreter\linkResolver.cpp, line 773]
Event: 852.809 Thread 0x00000212687b8fd0 Exception <a 'java/lang/NoSuchMethodError'{0x00000000d62ffce8}: 'java.lang.Object java.lang.invoke.DirectMethodHandle$Holder.newInvokeSpecial(java.lang.Object, java.lang.Object, java.lang.Object, java.lang.Object, int)'> (0x00000000d62ffce8) 
thrown [s\src\hotspot\share\interpreter\linkResolver.cpp, line 773]
Event: 852.810 Thread 0x00000212687b8fd0 Exception <a 'java/lang/NoSuchMethodError'{0x00000000d6303da8}: 'java.lang.Object java.lang.invoke.DirectMethodHandle$Holder.invokeSpecial(java.lang.Object, java.lang.Object, java.lang.Object, java.lang.Object, java.lang.Object, int)'> (0x00000000d6303da8) 
thrown [s\src\hotspot\share\interpreter\linkResolver.cpp, line 773]
Event: 852.810 Thread 0x0000021260c481e0 Exception <a 'java/lang/NoSuchMethodError'{0x00000000d62e63b0}: 'java.lang.Object java.lang.invoke.DirectMethodHandle$Holder.invokeSpecial(java.lang.Object, java.lang.Object, java.lang.Object, java.lang.Object, java.lang.Object, int)'> (0x00000000d62e63b0) 
thrown [s\src\hotspot\share\interpreter\linkResolver.cpp, line 773]
Event: 852.810 Thread 0x0000021260c481e0 Exception <a 'java/lang/NoSuchMethodError'{0x00000000d62e9ba8}: 'java.lang.Object java.lang.invoke.Invokers$Holder.linkToTargetMethod(java.lang.Object, java.lang.Object, java.lang.Object, int, java.lang.Object)'> (0x00000000d62e9ba8) 
thrown [s\src\hotspot\share\interpreter\linkResolver.cpp, line 773]
Event: 852.810 Thread 0x00000212687b8fd0 Exception <a 'java/lang/NoSuchMethodError'{0x00000000d6307ad8}: 'java.lang.Object java.lang.invoke.Invokers$Holder.linkToTargetMethod(java.lang.Object, java.lang.Object, java.lang.Object, int, java.lang.Object)'> (0x00000000d6307ad8) 
thrown [s\src\hotspot\share\interpreter\linkResolver.cpp, line 773]
Event: 852.941 Thread 0x000002126922ef20 Exception <a 'java/lang/IncompatibleClassChangeError'{0x00000000d5ad8a90}: Found class java.lang.Object, but interface was expected> (0x00000000d5ad8a90) 
thrown [s\src\hotspot\share\interpreter\linkResolver.cpp, line 840]
Event: 853.118 Thread 0x00000212687bd170 Implicit null exception at 0x0000021212bd9bcb to 0x0000021212bd9d34
Event: 853.143 Thread 0x0000021260c481e0 Exception <a 'java/io/FileNotFoundException'{0x00000000d55adb58}> (0x00000000d55adb58) 
thrown [s\src\hotspot\share\prims\jni.cpp, line 520]
Event: 853.149 Thread 0x0000021260c481e0 Exception <a 'java/io/FileNotFoundException'{0x00000000d55aec40}> (0x00000000d55aec40) 
thrown [s\src\hotspot\share\prims\jni.cpp, line 520]
Event: 853.149 Thread 0x0000021260c481e0 Exception <a 'java/io/FileNotFoundException'{0x00000000d55af9b8}> (0x00000000d55af9b8) 
thrown [s\src\hotspot\share\prims\jni.cpp, line 520]
Event: 853.698 Thread 0x00000212687ba380 Exception <a 'java/lang/NoSuchMethodError'{0x00000000d5f971b8}: 'int java.lang.invoke.DirectMethodHandle$Holder.invokeVirtual(java.lang.Object, java.lang.Object, java.lang.Object, int)'> (0x00000000d5f971b8) 
thrown [s\src\hotspot\share\interpreter\linkResolver.cpp, line 773]
Event: 855.999 Thread 0x00000212687b9660 Implicit null exception at 0x0000021212cfa55a to 0x0000021212cfa5b3
Event: 861.102 Thread 0x00000212687b9660 Implicit null exception at 0x0000021212c9b7c6 to 0x0000021212c9b834
Event: 861.552 Thread 0x00000212687b9660 Exception <a 'java/lang/ArrayIndexOutOfBoundsException'{0x00000000d5cbe648}> (0x00000000d5cbe648) 
thrown [s\src\hotspot\share\runtime\sharedRuntime.cpp, line 625]
Event: 874.103 Thread 0x000002126922ef20 Exception <a 'java/lang/IncompatibleClassChangeError'{0x00000000d593e518}: Found class java.lang.Object, but interface was expected> (0x00000000d593e518) 
thrown [s\src\hotspot\share\interpreter\linkResolver.cpp, line 840]
Event: 874.122 Thread 0x00000212687bde90 Exception <a 'java/lang/NoSuchMethodError'{0x00000000d5a0fc30}: 'java.lang.Object java.lang.invoke.DirectMethodHandle$Holder.invokeStatic(java.lang.Object, int, java.lang.Object)'> (0x00000000d5a0fc30) 
thrown [s\src\hotspot\share\interpreter\linkResolver.cpp, line 773]
Event: 888.050 Thread 0x00000212687bbdc0 Exception <a 'java/lang/ArrayIndexOutOfBoundsException'{0x00000000d57b3578}: Index 2252 out of bounds for length 2251> (0x00000000d57b3578) 
thrown [s\src\hotspot\share\interpreter\interpreterRuntime.cpp, line 439]
Event: 1607.162 Thread 0x000002126922ef20 Exception <a 'java/lang/IncompatibleClassChangeError'{0x00000000d59aeb80}: Found class java.lang.Object, but interface was expected> (0x00000000d59aeb80) 
thrown [s\src\hotspot\share\interpreter\linkResolver.cpp, line 840]

ZGC Phase Switch (0 events):
No events

VM Operations (20 events):
Event: 25168.735 Executing VM operation: HandshakeAllThreads (HandshakeForDeflation)
Event: 25168.735 Executing VM operation: HandshakeAllThreads (HandshakeForDeflation) done
Event: 25168.736 Executing VM operation: RendezvousGCThreads
Event: 25168.736 Executing VM operation: RendezvousGCThreads done
Event: 25589.673 Executing VM operation: HandshakeAllThreads (HandshakeForDeflation)
Event: 25589.698 Executing VM operation: HandshakeAllThreads (HandshakeForDeflation) done
Event: 25589.701 Executing VM operation: RendezvousGCThreads
Event: 25589.701 Executing VM operation: RendezvousGCThreads done
Event: 25830.328 Executing VM operation: HandshakeAllThreads (HandshakeForDeflation)
Event: 25830.328 Executing VM operation: HandshakeAllThreads (HandshakeForDeflation) done
Event: 25830.328 Executing VM operation: RendezvousGCThreads
Event: 25830.328 Executing VM operation: RendezvousGCThreads done
Event: 25890.501 Executing VM operation: HandshakeAllThreads (HandshakeForDeflation)
Event: 25890.501 Executing VM operation: HandshakeAllThreads (HandshakeForDeflation) done
Event: 25890.501 Executing VM operation: RendezvousGCThreads
Event: 25890.501 Executing VM operation: RendezvousGCThreads done
Event: 26070.841 Executing VM operation: HandshakeAllThreads (HandshakeForDeflation)
Event: 26070.841 Executing VM operation: HandshakeAllThreads (HandshakeForDeflation) done
Event: 26070.842 Executing VM operation: RendezvousGCThreads
Event: 26070.842 Executing VM operation: RendezvousGCThreads done

Memory protections (0 events):
No events

Nmethod flushes (20 events):
Event: 28.490 Thread 0x00000212076c2600 flushing  nmethod 0x000002120b230510
Event: 28.490 Thread 0x00000212076c2600 flushing  nmethod 0x000002120b24e510
Event: 28.490 Thread 0x00000212076c2600 flushing  nmethod 0x000002120b250c10
Event: 28.490 Thread 0x00000212076c2600 flushing  nmethod 0x000002120b25b190
Event: 28.490 Thread 0x00000212076c2600 flushing  nmethod 0x000002120b25bb10
Event: 28.490 Thread 0x00000212076c2600 flushing  nmethod 0x000002120b25fb90
Event: 28.490 Thread 0x00000212076c2600 flushing  nmethod 0x000002120b263d10
Event: 28.490 Thread 0x00000212076c2600 flushing  nmethod 0x000002120b26d890
Event: 28.490 Thread 0x00000212076c2600 flushing  nmethod 0x000002120b26f790
Event: 28.490 Thread 0x00000212076c2600 flushing  nmethod 0x000002120b26fe90
Event: 28.490 Thread 0x00000212076c2600 flushing  nmethod 0x000002120b270490
Event: 28.490 Thread 0x00000212076c2600 flushing  nmethod 0x000002120b270d10
Event: 28.490 Thread 0x00000212076c2600 flushing  nmethod 0x000002120b273410
Event: 28.490 Thread 0x00000212076c2600 flushing  nmethod 0x000002120b27be90
Event: 28.490 Thread 0x00000212076c2600 flushing  nmethod 0x000002120b283b10
Event: 28.490 Thread 0x00000212076c2600 flushing  nmethod 0x000002120b299010
Event: 28.490 Thread 0x00000212076c2600 flushing  nmethod 0x000002120b2a0990
Event: 28.490 Thread 0x00000212076c2600 flushing  nmethod 0x000002120b2a4790
Event: 28.490 Thread 0x00000212076c2600 flushing  nmethod 0x000002120b2b3610
Event: 28.490 Thread 0x00000212076c2600 flushing  nmethod 0x000002120b2bb110

Events (20 events):
Event: 887.709 Thread 0x0000021260998810 Thread added: 0x00000212681126c0
Event: 889.234 Thread 0x00000212681126c0 Thread exited: 0x00000212681126c0
Event: 889.321 Thread 0x0000021260998810 Thread added: 0x0000021268111920
Event: 889.492 Thread 0x0000021268111920 Thread exited: 0x0000021268111920
Event: 889.628 Thread 0x0000021260998810 Thread added: 0x0000021268111920
Event: 894.757 Thread 0x0000021268111920 Thread exited: 0x0000021268111920
Event: 948.569 Thread 0x000002126922a6f0 Thread exited: 0x000002126922a6f0
Event: 949.620 Thread 0x00000212687bde90 Thread exited: 0x00000212687bde90
Event: 1009.633 Thread 0x00000212687bbdc0 Thread exited: 0x00000212687bbdc0
Event: 1089.756 Thread 0x00000212687ba380 Thread exited: 0x00000212687ba380
Event: 1149.758 Thread 0x00000212687b9660 Thread exited: 0x00000212687b9660
Event: 1209.773 Thread 0x00000212687b8fd0 Thread exited: 0x00000212687b8fd0
Event: 1269.788 Thread 0x00000212687bd170 Thread exited: 0x00000212687bd170
Event: 1290.662 Thread 0x00000212687b9cf0 Thread added: 0x0000021260c474c0
Event: 1350.700 Thread 0x00000212687b9cf0 Thread exited: 0x00000212687b9cf0
Event: 1410.710 Thread 0x0000021260c474c0 Thread exited: 0x0000021260c474c0
Event: 1523.128 Thread 0x000002126922ef20 Thread added: 0x0000021260c474c0
Event: 1583.148 Thread 0x0000021260c474c0 Thread exited: 0x0000021260c474c0
Event: 1603.383 Thread 0x000002126922ef20 Thread added: 0x0000021260c474c0
Event: 1713.934 Thread 0x0000021260c474c0 Thread exited: 0x0000021260c474c0


Dynamic libraries:
0x00007ff612030000 - 0x00007ff61203e000 	c:\Users\sumudu\.vscode\extensions\redhat.java-1.44.0-win32-x64\jre\21.0.8-win32-x86_64\bin\java.exe
0x00007fffc3bc0000 - 0x00007fffc3e29000 	C:\WINDOWS\SYSTEM32\ntdll.dll
0x00007fffc22a0000 - 0x00007fffc2369000 	C:\WINDOWS\System32\KERNEL32.DLL
0x00007fffc0d50000 - 0x00007fffc1143000 	C:\WINDOWS\System32\KERNELBASE.dll
0x00007fffc1430000 - 0x00007fffc157b000 	C:\WINDOWS\System32\ucrtbase.dll
0x00007fff97ce0000 - 0x00007fff97cf8000 	c:\Users\sumudu\.vscode\extensions\redhat.java-1.44.0-win32-x64\jre\21.0.8-win32-x86_64\bin\jli.dll
0x00007fffc1bd0000 - 0x00007fffc1d94000 	C:\WINDOWS\System32\USER32.dll
0x00007fff97560000 - 0x00007fff9757e000 	c:\Users\sumudu\.vscode\extensions\redhat.java-1.44.0-win32-x64\jre\21.0.8-win32-x86_64\bin\VCRUNTIME140.dll
0x00007fffc17f0000 - 0x00007fffc1817000 	C:\WINDOWS\System32\win32u.dll
0x00007fffc39f0000 - 0x00007fffc3a1b000 	C:\WINDOWS\System32\GDI32.dll
0x00007fffc1580000 - 0x00007fffc16ad000 	C:\WINDOWS\System32\gdi32full.dll
0x00007fffc1740000 - 0x00007fffc17e3000 	C:\WINDOWS\System32\msvcp_win.dll
0x00007fff96cb0000 - 0x00007fff96f43000 	C:\WINDOWS\WinSxS\amd64_microsoft.windows.common-controls_6595b64144ccf1df_6.0.26100.5074_none_3e0d6f78e32fd63f\COMCTL32.dll
0x00007fffc2570000 - 0x00007fffc2619000 	C:\WINDOWS\System32\msvcrt.dll
0x00007fffc2cd0000 - 0x00007fffc2cff000 	C:\WINDOWS\System32\IMM32.DLL
0x00007fffb8920000 - 0x00007fffb892c000 	c:\Users\sumudu\.vscode\extensions\redhat.java-1.44.0-win32-x64\jre\21.0.8-win32-x86_64\bin\vcruntime140_1.dll
0x00007fff718b0000 - 0x00007fff7193d000 	c:\Users\sumudu\.vscode\extensions\redhat.java-1.44.0-win32-x64\jre\21.0.8-win32-x86_64\bin\msvcp140.dll
0x00007fff16bf0000 - 0x00007fff17987000 	c:\Users\sumudu\.vscode\extensions\redhat.java-1.44.0-win32-x64\jre\21.0.8-win32-x86_64\bin\server\jvm.dll
0x00007fffc24b0000 - 0x00007fffc2564000 	C:\WINDOWS\System32\ADVAPI32.dll
0x00007fffc3a20000 - 0x00007fffc3ac6000 	C:\WINDOWS\System32\sechost.dll
0x00007fffc2bb0000 - 0x00007fffc2cc8000 	C:\WINDOWS\System32\RPCRT4.dll
0x00007fffc3ad0000 - 0x00007fffc3b44000 	C:\WINDOWS\System32\WS2_32.dll
0x00007fffc0bd0000 - 0x00007fffc0c2e000 	C:\WINDOWS\SYSTEM32\POWRPROF.dll
0x00007fffbd6b0000 - 0x00007fffbd6e5000 	C:\WINDOWS\SYSTEM32\WINMM.dll
0x00007fffacb10000 - 0x00007fffacb1b000 	C:\WINDOWS\SYSTEM32\VERSION.dll
0x00007fffc0bb0000 - 0x00007fffc0bc4000 	C:\WINDOWS\SYSTEM32\UMPDC.dll
0x00007fffbfaf0000 - 0x00007fffbfb0b000 	C:\WINDOWS\SYSTEM32\kernel.appcore.dll
0x00007fffaad30000 - 0x00007fffaad3a000 	c:\Users\sumudu\.vscode\extensions\redhat.java-1.44.0-win32-x64\jre\21.0.8-win32-x86_64\bin\jimage.dll
0x00007fffbe3d0000 - 0x00007fffbe612000 	C:\WINDOWS\SYSTEM32\DBGHELP.DLL
0x00007fffc2780000 - 0x00007fffc2afb000 	C:\WINDOWS\System32\combase.dll
0x00007fffc21c0000 - 0x00007fffc2297000 	C:\WINDOWS\System32\OLEAUT32.dll
0x00007fffa17d0000 - 0x00007fffa180d000 	C:\WINDOWS\SYSTEM32\dbgcore.DLL
0x00007fffc1150000 - 0x00007fffc11e9000 	C:\WINDOWS\System32\bcryptPrimitives.dll
0x00007fffa9f50000 - 0x00007fffa9f5f000 	c:\Users\sumudu\.vscode\extensions\redhat.java-1.44.0-win32-x64\jre\21.0.8-win32-x86_64\bin\instrument.dll
0x00007fff91000000 - 0x00007fff9101f000 	c:\Users\sumudu\.vscode\extensions\redhat.java-1.44.0-win32-x64\jre\21.0.8-win32-x86_64\bin\java.dll
0x00007fffc2d10000 - 0x00007fffc345d000 	C:\WINDOWS\System32\SHELL32.dll
0x00007fffc1820000 - 0x00007fffc198c000 	C:\WINDOWS\System32\wintypes.dll
0x00007fffbe970000 - 0x00007fffbf1c9000 	C:\WINDOWS\SYSTEM32\windows.storage.dll
0x00007fffc38f0000 - 0x00007fffc39e0000 	C:\WINDOWS\System32\SHCORE.dll
0x00007fffc2b40000 - 0x00007fffc2ba2000 	C:\WINDOWS\System32\shlwapi.dll
0x00007fffc0c70000 - 0x00007fffc0c99000 	C:\WINDOWS\SYSTEM32\profapi.dll
0x00007fff70890000 - 0x00007fff708a8000 	c:\Users\sumudu\.vscode\extensions\redhat.java-1.44.0-win32-x64\jre\21.0.8-win32-x86_64\bin\zip.dll
0x00007fffa9f10000 - 0x00007fffa9f20000 	C:\Users\sumudu\.vscode\extensions\redhat.java-1.44.0-win32-x64\jre\21.0.8-win32-x86_64\bin\net.dll
0x00007fffb6e10000 - 0x00007fffb6f2f000 	C:\WINDOWS\SYSTEM32\WINHTTP.dll
0x00007fffc0060000 - 0x00007fffc00cb000 	C:\WINDOWS\system32\mswsock.dll
0x00007fff68d60000 - 0x00007fff68d76000 	C:\Users\sumudu\.vscode\extensions\redhat.java-1.44.0-win32-x64\jre\21.0.8-win32-x86_64\bin\nio.dll
0x00007fffa9180000 - 0x00007fffa9190000 	c:\Users\sumudu\.vscode\extensions\redhat.java-1.44.0-win32-x64\jre\21.0.8-win32-x86_64\bin\verify.dll
0x00007fff6b750000 - 0x00007fff6b795000 	C:\Users\sumudu\AppData\Roaming\Code\User\globalStorage\redhat.java\1.44.0\config_win\org.eclipse.equinox.launcher\org.eclipse.equinox.launcher.win32.win32.x86_64_1.2.1400.v20250730-1736\eclipse_11913.dll
0x00007fffc2020000 - 0x00007fffc21b8000 	C:\WINDOWS\System32\ole32.dll
0x00007fffc02d0000 - 0x00007fffc02eb000 	C:\WINDOWS\SYSTEM32\CRYPTSP.dll
0x00007fffbfa50000 - 0x00007fffbfa8b000 	C:\WINDOWS\system32\rsaenh.dll
0x00007fffc0100000 - 0x00007fffc012b000 	C:\WINDOWS\SYSTEM32\USERENV.dll
0x00007fffc0c40000 - 0x00007fffc0c66000 	C:\WINDOWS\SYSTEM32\bcrypt.dll
0x00007fffc02f0000 - 0x00007fffc02fc000 	C:\WINDOWS\SYSTEM32\CRYPTBASE.dll
0x00007fffbf4f0000 - 0x00007fffbf524000 	C:\WINDOWS\SYSTEM32\IPHLPAPI.DLL
0x00007fffc2b20000 - 0x00007fffc2b2a000 	C:\WINDOWS\System32\NSI.dll
0x00007fff9bcb0000 - 0x00007fff9bcf9000 	C:\Users\sumudu\AppData\Local\Temp\jna--891200101\jna18370134169358555437.dll
0x00007fffc1f80000 - 0x00007fffc1f88000 	C:\WINDOWS\System32\PSAPI.DLL
0x00007fffb82e0000 - 0x00007fffb82fe000 	C:\WINDOWS\SYSTEM32\dhcpcsvc6.DLL
0x00007fffb8230000 - 0x00007fffb8253000 	C:\WINDOWS\SYSTEM32\dhcpcsvc.DLL
0x00007fff9f300000 - 0x00007fff9f30e000 	C:\Users\sumudu\.vscode\extensions\redhat.java-1.44.0-win32-x64\jre\21.0.8-win32-x86_64\bin\sunmscapi.dll
0x00007fffc12b0000 - 0x00007fffc1427000 	C:\WINDOWS\System32\CRYPT32.dll
0x00007fffc0570000 - 0x00007fffc05a0000 	C:\WINDOWS\SYSTEM32\ncrypt.dll
0x00007fffc0520000 - 0x00007fffc055f000 	C:\WINDOWS\SYSTEM32\NTASN1.dll
0x00007fffbf530000 - 0x00007fffbf656000 	C:\WINDOWS\SYSTEM32\DNSAPI.dll
0x00007fffb6320000 - 0x00007fffb632b000 	C:\Windows\System32\rasadhlp.dll
0x00007fffb84f0000 - 0x00007fffb8576000 	C:\WINDOWS\System32\fwpuclnt.dll
0x00007fff9e050000 - 0x00007fff9e059000 	C:\Users\sumudu\.vscode\extensions\redhat.java-1.44.0-win32-x64\jre\21.0.8-win32-x86_64\bin\extnet.dll

JVMTI agents:
c:\Users\sumudu\.vscode\extensions\redhat.java-1.44.0-win32-x64\lombok\lombok-1.18.39-4050.jar path:c:\Users\sumudu\.vscode\extensions\redhat.java-1.44.0-win32-x64\jre\21.0.8-win32-x86_64\bin\instrument.dll, loaded, initialized, instrumentlib options:none

dbghelp: loaded successfully - version: 4.0.5 - missing functions: none
symbol engine: initialized successfully - sym options: 0x614 - pdb path: .;c:\Users\sumudu\.vscode\extensions\redhat.java-1.44.0-win32-x64\jre\21.0.8-win32-x86_64\bin;C:\WINDOWS\SYSTEM32;C:\WINDOWS\WinSxS\amd64_microsoft.windows.common-controls_6595b64144ccf1df_6.0.26100.5074_none_3e0d6f78e32fd63f;c:\Users\sumudu\.vscode\extensions\redhat.java-1.44.0-win32-x64\jre\21.0.8-win32-x86_64\bin\server;C:\Users\sumudu\AppData\Roaming\Code\User\globalStorage\redhat.java\1.44.0\config_win\org.eclipse.equinox.launcher\org.eclipse.equinox.launcher.win32.win32.x86_64_1.2.1400.v20250730-1736;C:\Users\sumudu\AppData\Local\Temp\jna--891200101

VM Arguments:
jvm_args: --add-modules=ALL-SYSTEM --add-opens=java.base/java.util=ALL-UNNAMED --add-opens=java.base/java.lang=ALL-UNNAMED --add-opens=java.base/sun.nio.fs=ALL-UNNAMED -Declipse.application=org.eclipse.jdt.ls.core.id1 -Dosgi.bundles.defaultStartLevel=4 -Declipse.product=org.eclipse.jdt.ls.core.product -Djava.import.generatesMetadataFilesAtProjectRoot=false -DDetectVMInstallationsJob.disabled=true -Dfile.encoding=utf8 -XX:+UseParallelGC -XX:GCTimeRatio=4 -XX:AdaptiveSizePolicyWeight=90 -Dsun.zip.disableMemoryMapping=true -Xmx2G -Xms100m -Xlog:disable -javaagent:c:\Users\sumudu\.vscode\extensions\redhat.java-1.44.0-win32-x64\lombok\lombok-1.18.39-4050.jar -XX:+HeapDumpOnOutOfMemoryError -XX:HeapDumpPath=c:\Users\sumudu\AppData\Roaming\Code\User\workspaceStorage\2f192a58fc5cc57bc2a066f348b9423d\redhat.java -Daether.dependencyCollector.impl=bf 
java_command: c:\Users\sumudu\.vscode\extensions\redhat.java-1.44.0-win32-x64\server\plugins\org.eclipse.equinox.launcher_1.7.0.v20250519-0528.jar -configuration c:\Users\sumudu\AppData\Roaming\Code\User\globalStorage\redhat.java\1.44.0\config_win -data c:\Users\sumudu\AppData\Roaming\Code\User\workspaceStorage\2f192a58fc5cc57bc2a066f348b9423d\redhat.java\jdt_ws --pipe=\\.\pipe\lsp-bff063d3280c026308869d06889fdc93-sock
java_class_path (initial): c:\Users\sumudu\.vscode\extensions\redhat.java-1.44.0-win32-x64\server\plugins\org.eclipse.equinox.launcher_1.7.0.v20250519-0528.jar
Launcher Type: SUN_STANDARD

[Global flags]
    uintx AdaptiveSizePolicyWeight                 = 90                                        {product} {command line}
     intx CICompilerCount                          = 4                                         {product} {ergonomic}
    uintx GCTimeRatio                              = 4                                         {product} {command line}
     bool HeapDumpOnOutOfMemoryError               = true                                   {manageable} {command line}
    ccstr HeapDumpPath                             = c:\Users\sumudu\AppData\Roaming\Code\User\workspaceStorage\2f192a58fc5cc57bc2a066f348b9423d\redhat.java         {manageable} {command line}
   size_t InitialHeapSize                          = 104857600                                 {product} {command line}
   size_t MaxHeapSize                              = 2147483648                                {product} {command line}
   size_t MaxNewSize                               = 715653120                                 {product} {ergonomic}
   size_t MinHeapDeltaBytes                        = 524288                                    {product} {ergonomic}
   size_t MinHeapSize                              = 104857600                                 {product} {command line}
   size_t NewSize                                  = 34603008                                  {product} {ergonomic}
    uintx NonNMethodCodeHeapSize                   = 5839372                                {pd product} {ergonomic}
    uintx NonProfiledCodeHeapSize                  = 122909434                              {pd product} {ergonomic}
   size_t OldSize                                  = 70254592                                  {product} {ergonomic}
    uintx ProfiledCodeHeapSize                     = 122909434                              {pd product} {ergonomic}
    uintx ReservedCodeCacheSize                    = 251658240                              {pd product} {ergonomic}
     bool SegmentedCodeCache                       = true                                      {product} {ergonomic}
   size_t SoftMaxHeapSize                          = 2147483648                             {manageable} {ergonomic}
     bool UseCompressedOops                        = true                           {product lp64_product} {ergonomic}
     bool UseLargePagesIndividualAllocation        = false                                  {pd product} {ergonomic}
     bool UseParallelGC                            = true                                      {product} {command line}

Logging:
Log output configuration:
 #0: stdout all=off uptime,level,tags foldmultilines=false
 #1: stderr all=off uptime,level,tags foldmultilines=false

Environment Variables:
PATH=C:\Program Files\Python310\Scripts\;C:\Program Files\Python310\;C:\Program Files (x86)\NVIDIA Corporation\PhysX\Common;C:\Program Files (x86)\Common Files\Oracle\Java\java8path;C:\Program Files (x86)\Common Files\Oracle\Java\javapath;C:\WINDOWS\system32;C:\WINDOWS;C:\WINDOWS\System32\Wbem;C:\WINDOWS\System32\WindowsPowerShell\v1.0\;C:\WINDOWS\System32\OpenSSH\;C:\Program Files\dotnet\;C:\Program Files\Microsoft SQL Server\Client SDK\ODBC\170\Tools\Binn\;C:\Program Files (x86)\Microsoft SQL Server\150\Tools\Binn\;C:\Program Files\Microsoft SQL Server\150\Tools\Binn\;C:\Program Files\Microsoft SQL Server\150\DTS\Binn\;C:\Program Files\Azure Data Studio\bin;C:\Program Files (x86)\Microsoft SQL Server\150\DTS\Binn\;C:\Program Files (x86)\Microsoft SQL Server\160\Tools\Binn\;C:\Program Files\Microsoft SQL Server\160\Tools\Binn\;C:\Program Files\Microsoft SQL Server\160\DTS\Binn\;C:\Program Files\MySQL\MySQL Server 8.0\bin;C:\ProgramData\chocolatey\bin;C:\Program Files\Git\cmd;C:\Users\sumudu\AppData\Roaming\nvm;C:\nvm4w\nodejs;C:\Java\jdk-17.0.12\bin;C:\Program Files\Go\bin;C:\Program Files\Java\jdk-17.0.12\bin;C:\Users\sumudu\AppData\Roaming\npm;C:\Users\sumudu\AppData\Local\Programs\Microsoft VS Code\bin;C:\Users\sumudu\AppData\Local\Microsoft\WindowsApps;C:\Users\sumudu\AppData\Roaming\nvm;C:\nvm4w\nodejs;C:\Users\sumudu\AppData\Local\GitHubDesktop\bin;C:\Program Files\JetBrains\IntelliJ IDEA Community Edition 2024.1.4\bin;;C:\Program Files\JetBrains\IntelliJ IDEA 2025.1.2\bin;;C:\Users\sumudu\go\bin
USERNAME=sumudu
OS=Windows_NT
PROCESSOR_IDENTIFIER=Intel64 Family 6 Model 154 Stepping 4, GenuineIntel
TMP=C:\Users\sumudu\AppData\Local\Temp
TEMP=C:\Users\sumudu\AppData\Local\Temp




Periodic native trim disabled

---------------  S Y S T E M  ---------------

OS:
 Windows 11 , 64 bit Build 26100 (10.0.26100.5074)
OS uptime: 1 days 7:22 hours
Hyper-V role detected

CPU: total 8 (initial active 8) (4 cores per cpu, 2 threads per core) family 6 model 154 stepping 4 microcode 0x437, cx8, cmov, fxsr, ht, mmx, 3dnowpref, sse, sse2, sse3, ssse3, sse4.1, sse4.2, popcnt, lzcnt, tsc, tscinvbit, avx, avx2, aes, erms, clmul, bmi1, bmi2, adx, sha, fma, vzeroupper, clflush, clflushopt, clwb, hv, serialize, rdtscp, rdpid, fsrm, f16c, cet_ibt, cet_ss
Processor Information for the first 8 processors :
  Max Mhz: 1200, Current Mhz: 1200, Mhz Limit: 1200

Memory: 4k page, system-wide physical 7876M (739M free)
TotalPageFile size 21143M (AvailPageFile size 1126M)
current process WorkingSet (physical memory assigned to process): 12M, peak: 353M
current process commit charge ("private bytes"): 464M, peak: 523M

vm_info: OpenJDK 64-Bit Server VM (21.0.8+9-LTS) for windows-amd64 JRE (21.0.8+9-LTS), built on 2025-07-15T00:00:00Z by "admin" with MS VC++ 17.7 (VS2022)

END.
